# JRE version: OpenJDK Runtime Environment (8.0_152-b06) (build 1.8.0_152-release-1136-b06)
# Java VM: OpenJDK 64-Bit Server VM (25.152-b06 mixed mode windows-amd64 compressed oops)
Heap:
 PSYoungGen      total 267264K, used 80377K [0x00000000e0000000, 0x00000000f4280000, 0x0000000100000000)
  eden space 231424K, 19% used [0x00000000e0000000,0x00000000e2bebb58,0x00000000ee200000)
  from space 35840K, 98% used [0x00000000ee200000,0x00000000f0492930,0x00000000f0500000)
  to   space 41472K, 0% used [0x00000000f1a00000,0x00000000f1a00000,0x00000000f4280000)
 ParOldGen       total 143872K, used 105242K [0x00000000a0000000, 0x00000000a8c80000, 0x00000000e0000000)
  object space 143872K, 73% used [0x00000000a0000000,0x00000000a66c6ae0,0x00000000a8c80000)
 Metaspace       used 80885K, capacity 83772K, committed 84056K, reserved 1122304K
  class space    used 10248K, capacity 10835K, committed 10880K, reserved 1048576K
GC Heap History (10 events):
Event: 2452.405 GC heap before
{Heap before GC invocations=26 (full 3):
 PSYoungGen      total 219648K, used 211328K [0x00000000e0000000, 0x00000000f0900000, 0x0000000100000000)
  eden space 182784K, 100% used [0x00000000e0000000,0x00000000eb280000,0x00000000eb280000)
  from space 36864K, 77% used [0x00000000ed900000,0x00000000ef4e00d8,0x00000000efd00000)
  to   space 39424K, 0% used [0x00000000eb280000,0x00000000eb280000,0x00000000ed900000)
 ParOldGen       total 143872K, used 88592K [0x00000000a0000000, 0x00000000a8c80000, 0x00000000e0000000)
  object space 143872K, 61% used [0x00000000a0000000,0x00000000a56843b0,0x00000000a8c80000)
 Metaspace       used 79782K, capacity 82644K, committed 82776K, reserved 1122304K
  class space    used 10229K, capacity 10803K, committed 10880K, reserved 1048576K
Event: 2452.672 GC heap after
Heap after GC invocations=26 (full 3):
 PSYoungGen      total 222208K, used 6736K [0x00000000e0000000, 0x00000000f1f80000, 0x0000000100000000)
  eden space 182784K, 0% used [0x00000000e0000000,0x00000000e0000000,0x00000000eb280000)
  from space 39424K, 17% used [0x00000000eb280000,0x00000000eb914030,0x00000000ed900000)
  to   space 38912K, 0% used [0x00000000ef980000,0x00000000ef980000,0x00000000f1f80000)
 ParOldGen       total 143872K, used 105218K [0x00000000a0000000, 0x00000000a8c80000, 0x00000000e0000000)
  object space 143872K, 73% used [0x00000000a0000000,0x00000000a66c0ae0,0x00000000a8c80000)
 Metaspace       used 79782K, capacity 82644K, committed 82776K, reserved 1122304K
  class space    used 10229K, capacity 10803K, committed 10880K, reserved 1048576K
}
Event: 2467.768 GC heap before
{Heap before GC invocations=27 (full 3):
 PSYoungGen      total 222208K, used 189177K [0x00000000e0000000, 0x00000000f1f80000, 0x0000000100000000)
  eden space 182784K, 99% used [0x00000000e0000000,0x00000000eb22a690,0x00000000eb280000)
  from space 39424K, 17% used [0x00000000eb280000,0x00000000eb914030,0x00000000ed900000)
  to   space 38912K, 0% used [0x00000000ef980000,0x00000000ef980000,0x00000000f1f80000)
 ParOldGen       total 143872K, used 105218K [0x00000000a0000000, 0x00000000a8c80000, 0x00000000e0000000)
  object space 143872K, 73% used [0x00000000a0000000,0x00000000a66c0ae0,0x00000000a8c80000)
 Metaspace       used 79884K, capacity 82714K, committed 83032K, reserved 1122304K
  class space    used 10229K, capacity 10804K, committed 10880K, reserved 1048576K
Event: 2467.858 GC heap after
Heap after GC invocations=27 (full 3):
 PSYoungGen      total 245248K, used 12471K [0x00000000e0000000, 0x00000000f1900000, 0x0000000100000000)
  eden space 212992K, 0% used [0x00000000e0000000,0x00000000e0000000,0x00000000ed000000)
  from space 32256K, 38% used [0x00000000ef980000,0x00000000f05adfc0,0x00000000f1900000)
  to   space 37376K, 0% used [0x00000000ed000000,0x00000000ed000000,0x00000000ef480000)
 ParOldGen       total 143872K, used 105218K [0x00000000a0000000, 0x00000000a8c80000, 0x00000000e0000000)
  object space 143872K, 73% used [0x00000000a0000000,0x00000000a66c0ae0,0x00000000a8c80000)
 Metaspace       used 79884K, capacity 82714K, committed 83032K, reserved 1122304K
  class space    used 10229K, capacity 10804K, committed 10880K, reserved 1048576K
}
Event: 8421.293 GC heap before
{Heap before GC invocations=28 (full 3):
 PSYoungGen      total 245248K, used 223510K [0x00000000e0000000, 0x00000000f1900000, 0x0000000100000000)
  eden space 212992K, 99% used [0x00000000e0000000,0x00000000ece17af8,0x00000000ed000000)
  from space 32256K, 38% used [0x00000000ef980000,0x00000000f05adfc0,0x00000000f1900000)
  to   space 37376K, 0% used [0x00000000ed000000,0x00000000ed000000,0x00000000ef480000)
 ParOldGen       total 143872K, used 105218K [0x00000000a0000000, 0x00000000a8c80000, 0x00000000e0000000)
  object space 143872K, 73% used [0x00000000a0000000,0x00000000a66c0ae0,0x00000000a8c80000)
 Metaspace       used 80492K, capacity 83352K, committed 83544K, reserved 1122304K
  class space    used 10244K, capacity 10831K, committed 10880K, reserved 1048576K
Event: 8421.877 GC heap after
Heap after GC invocations=28 (full 3):
 PSYoungGen      total 250368K, used 17700K [0x00000000e0000000, 0x00000000f2b80000, 0x0000000100000000)
  eden space 212992K, 0% used [0x00000000e0000000,0x00000000e0000000,0x00000000ed000000)
  from space 37376K, 47% used [0x00000000ed000000,0x00000000ee1490a8,0x00000000ef480000)
  to   space 35840K, 0% used [0x00000000f0880000,0x00000000f0880000,0x00000000f2b80000)
 ParOldGen       total 143872K, used 105226K [0x00000000a0000000, 0x00000000a8c80000, 0x00000000e0000000)
  object space 143872K, 73% used [0x00000000a0000000,0x00000000a66c2ae0,0x00000000a8c80000)
 Metaspace       used 80492K, capacity 83352K, committed 83544K, reserved 1122304K
  class space    used 10244K, capacity 10831K, committed 10880K, reserved 1048576K
}
Event: 9325.446 GC heap before
{Heap before GC invocations=29 (full 3):
 PSYoungGen      total 250368K, used 230692K [0x00000000e0000000, 0x00000000f2b80000, 0x0000000100000000)
  eden space 212992K, 100% used [0x00000000e0000000,0x00000000ed000000,0x00000000ed000000)
  from space 37376K, 47% used [0x00000000ed000000,0x00000000ee1490a8,0x00000000ef480000)
  to   space 35840K, 0% used [0x00000000f0880000,0x00000000f0880000,0x00000000f2b80000)
 ParOldGen       total 143872K, used 105226K [0x00000000a0000000, 0x00000000a8c80000, 0x00000000e0000000)
  object space 143872K, 73% used [0x00000000a0000000,0x00000000a66c2ae0,0x00000000a8c80000)
 Metaspace       used 80539K, capacity 83442K, committed 83544K, reserved 1122304K
  class space    used 10247K, capacity 10834K, committed 10880K, reserved 1048576K
Event: 9325.476 GC heap after
Heap after GC invocations=29 (full 3):
 PSYoungGen      total 263680K, used 4349K [0x00000000e0000000, 0x00000000f2800000, 0x0000000100000000)
  eden space 231424K, 0% used [0x00000000e0000000,0x00000000e0000000,0x00000000ee200000)
  from space 32256K, 13% used [0x00000000f0880000,0x00000000f0cbf750,0x00000000f2800000)
  to   space 35840K, 0% used [0x00000000ee200000,0x00000000ee200000,0x00000000f0500000)
 ParOldGen       total 143872K, used 105234K [0x00000000a0000000, 0x00000000a8c80000, 0x00000000e0000000)
  object space 143872K, 73% used [0x00000000a0000000,0x00000000a66c4ae0,0x00000000a8c80000)
 Metaspace       used 80539K, capacity 83442K, committed 83544K, reserved 1122304K
  class space    used 10247K, capacity 10834K, committed 10880K, reserved 1048576K
}
Event: 11823.568 GC heap before
{Heap before GC invocations=30 (full 3):
 PSYoungGen      total 263680K, used 235761K [0x00000000e0000000, 0x00000000f2800000, 0x0000000100000000)
  eden space 231424K, 99% used [0x00000000e0000000,0x00000000ee1fcd30,0x00000000ee200000)
  from space 32256K, 13% used [0x00000000f0880000,0x00000000f0cbf750,0x00000000f2800000)
  to   space 35840K, 0% used [0x00000000ee200000,0x00000000ee200000,0x00000000f0500000)
 ParOldGen       total 143872K, used 105234K [0x00000000a0000000, 0x00000000a8c80000, 0x00000000e0000000)
  object space 143872K, 73% used [0x00000000a0000000,0x00000000a66c4ae0,0x00000000a8c80000)
 Metaspace       used 80885K, capacity 83772K, committed 84056K, reserved 1122304K
  class space    used 10248K, capacity 10835K, committed 10880K, reserved 1048576K
Event: 11823.994 GC heap after
Heap after GC invocations=30 (full 3):
 PSYoungGen      total 267264K, used 35402K [0x00000000e0000000, 0x00000000f4280000, 0x0000000100000000)
  eden space 231424K, 0% used [0x00000000e0000000,0x00000000e0000000,0x00000000ee200000)
  from space 35840K, 98% used [0x00000000ee200000,0x00000000f0492930,0x00000000f0500000)
  to   space 41472K, 0% used [0x00000000f1a00000,0x00000000f1a00000,0x00000000f4280000)
 ParOldGen       total 143872K, used 105242K [0x00000000a0000000, 0x00000000a8c80000, 0x00000000e0000000)
  object space 143872K, 73% used [0x00000000a0000000,0x00000000a66c6ae0,0x00000000a8c80000)
 Metaspace       used 80885K, capacity 83772K, committed 84056K, reserved 1122304K
  class space    used 10248K, capacity 10835K, committed 10880K, reserved 1048576K
}

